2025-08-25 17:05:09,825 - INFO - Succesfully read the YAML file
2025-08-25 17:05:09,830 - INFO - Data Ingestion Started....
2025-08-25 17:05:09,830 - INFO - Starting Data Ingestion Process....
2025-08-25 17:05:13,143 - ERROR - Error while downloading data from GCP
2025-08-25 17:05:13,143 - ERROR - CustomException : Error in D:\ALL+MATERIALS+-+2 (1)\code\src\data_ingestion.py , line 24 : Failed to download data
2025-08-25 17:05:13,143 - INFO - Data Ingestion DONE...
2025-08-25 17:30:26,397 - INFO - Succesfully read the YAML file
2025-08-25 17:30:26,397 - INFO - Data Ingestion Started....
2025-08-25 17:30:26,413 - INFO - Starting Data Ingestion Process....
2025-08-25 17:30:29,548 - ERROR - Error while downloading data from GCP
2025-08-25 17:30:29,553 - ERROR - CustomException : Error in D:\ALL+MATERIALS+-+2 (1)\code\src\data_ingestion.py , line 24 : Failed to download data
2025-08-25 17:30:29,553 - INFO - Data Ingestion DONE...
2025-08-25 17:31:16,758 - INFO - Succesfully read the YAML file
2025-08-25 17:31:16,758 - INFO - Data Ingestion Started....
2025-08-25 17:31:16,758 - INFO - Starting Data Ingestion Process....
2025-08-25 17:31:19,772 - ERROR - Error while downloading data from GCP
2025-08-25 17:31:19,772 - ERROR - CustomException : Error in D:\ALL+MATERIALS+-+2 (1)\code\src\data_ingestion.py , line 24 : Failed to download data
2025-08-25 17:31:19,772 - INFO - Data Ingestion DONE...
2025-08-25 17:37:03,727 - INFO - Succesfully read the YAML file
2025-08-25 17:37:03,738 - INFO - Data Ingestion Started....
2025-08-25 17:37:03,738 - INFO - Starting Data Ingestion Process....
2025-08-25 17:37:06,593 - ERROR - Error while downloading data from GCP
2025-08-25 17:37:06,593 - ERROR - Your default credentials were not found. To set up Application Default Credentials, see https://cloud.google.com/docs/authentication/external/set-up-adc for more information.
2025-08-25 17:37:06,597 - ERROR - CustomException : Error in D:\ALL+MATERIALS+-+2 (1)\code\src\data_ingestion.py , line 24 : Failed to download data
2025-08-25 17:37:06,597 - INFO - Data Ingestion DONE...
2025-08-25 18:07:00,096 - INFO - Succesfully read the YAML file
2025-08-25 18:07:00,096 - INFO - Data Ingestion Started....
2025-08-25 18:07:00,097 - INFO - Starting Data Ingestion Process....
2025-08-25 18:07:03,129 - ERROR - Error while downloading data from GCP
2025-08-25 18:07:03,129 - ERROR - Your default credentials were not found. To set up Application Default Credentials, see https://cloud.google.com/docs/authentication/external/set-up-adc for more information.
2025-08-25 18:07:03,129 - ERROR - CustomException : Error in D:\ALL+MATERIALS+-+2 (1)\code\src\data_ingestion.py , line 24 : Failed to download data
2025-08-25 18:07:03,129 - INFO - Data Ingestion DONE...
2025-08-25 18:07:23,144 - INFO - Succesfully read the YAML file
2025-08-25 18:07:23,144 - INFO - Data Ingestion Started....
2025-08-25 18:07:23,144 - INFO - Starting Data Ingestion Process....
2025-08-25 18:07:26,135 - ERROR - Error while downloading data from GCP
2025-08-25 18:07:26,135 - ERROR - Your default credentials were not found. To set up Application Default Credentials, see https://cloud.google.com/docs/authentication/external/set-up-adc for more information.
2025-08-25 18:07:26,135 - ERROR - CustomException : Error in D:\ALL+MATERIALS+-+2 (1)\code\src\data_ingestion.py , line 24 : Failed to download data
2025-08-25 18:07:26,135 - INFO - Data Ingestion DONE...
2025-08-25 18:07:55,583 - INFO - Succesfully read the YAML file
2025-08-25 18:07:55,584 - INFO - Data Ingestion Started....
2025-08-25 18:07:55,584 - INFO - Starting Data Ingestion Process....
2025-08-25 18:08:04,722 - INFO - Downloading Smaller Files ie anime and anime_with synopsis
2025-08-25 18:08:09,377 - INFO - Downloading Smaller Files ie anime and anime_with synopsis
2025-08-25 18:20:34,213 - INFO - Large file detected Only downloading 5M rows
2025-08-25 18:20:34,295 - INFO - Data Ingestion Completed...
2025-08-25 18:20:34,295 - INFO - Data Ingestion DONE...
